sending incremental file list
deleting alessio-gh.github.io/filediprova
deleting alessio-gh.github.io/21-10-2024.log
alessio-gh.github.io/
alessio-gh.github.io/backup/
alessio-gh.github.io/backup/21-10-2024.log

sent 8,204 bytes  received 201 bytes  16,810.00 bytes/sec
total size is 4,719,317  speedup is 561.49
sending incremental file list
created directory /home/mele/Desktop/21-10-2024
alessio-gh.github.io/
alessio-gh.github.io/.gitignore
alessio-gh.github.io/.rubocop.yml
alessio-gh.github.io/.travis.yml
alessio-gh.github.io/Gemfile
alessio-gh.github.io/LICENSE
alessio-gh.github.io/Linux.md
alessio-gh.github.io/README.md
alessio-gh.github.io/Windows.md
alessio-gh.github.io/_config.yml
alessio-gh.github.io/another-page.md
alessio-gh.github.io/index.md
alessio-gh.github.io/index_old.md
alessio-gh.github.io/jekyll-theme-minimal.gemspec
alessio-gh.github.io/thumbnail.png
alessio-gh.github.io/.git/
alessio-gh.github.io/.git/COMMIT_EDITMSG
alessio-gh.github.io/.git/FETCH_HEAD
alessio-gh.github.io/.git/HEAD
alessio-gh.github.io/.git/ORIG_HEAD
alessio-gh.github.io/.git/config
alessio-gh.github.io/.git/description
alessio-gh.github.io/.git/index
alessio-gh.github.io/.git/packed-refs
alessio-gh.github.io/.git/branches/
alessio-gh.github.io/.git/hooks/
alessio-gh.github.io/.git/hooks/applypatch-msg.sample
alessio-gh.github.io/.git/hooks/commit-msg.sample
alessio-gh.github.io/.git/hooks/fsmonitor-watchman.sample
alessio-gh.github.io/.git/hooks/post-update.sample
alessio-gh.github.io/.git/hooks/pre-applypatch.sample
alessio-gh.github.io/.git/hooks/pre-commit.sample
alessio-gh.github.io/.git/hooks/pre-merge-commit.sample
alessio-gh.github.io/.git/hooks/pre-push.sample
alessio-gh.github.io/.git/hooks/pre-rebase.sample
alessio-gh.github.io/.git/hooks/pre-receive.sample
alessio-gh.github.io/.git/hooks/prepare-commit-msg.sample
alessio-gh.github.io/.git/hooks/push-to-checkout.sample
alessio-gh.github.io/.git/hooks/sendemail-validate.sample
alessio-gh.github.io/.git/hooks/update.sample
alessio-gh.github.io/.git/info/
alessio-gh.github.io/.git/info/exclude
alessio-gh.github.io/.git/logs/
alessio-gh.github.io/.git/logs/HEAD
alessio-gh.github.io/.git/logs/refs/
alessio-gh.github.io/.git/logs/refs/heads/
alessio-gh.github.io/.git/logs/refs/heads/master
alessio-gh.github.io/.git/logs/refs/remotes/
alessio-gh.github.io/.git/logs/refs/remotes/origin/
alessio-gh.github.io/.git/logs/refs/remotes/origin/HEAD
alessio-gh.github.io/.git/logs/refs/remotes/origin/master
alessio-gh.github.io/.git/objects/
alessio-gh.github.io/.git/objects/00/
alessio-gh.github.io/.git/objects/00/088f8a10c1c9da3518aefd4caf41c50611cf30
alessio-gh.github.io/.git/objects/02/
alessio-gh.github.io/.git/objects/02/58a0d9fdafec40eeddd263cbc9f3d9c691d543
alessio-gh.github.io/.git/objects/11/
alessio-gh.github.io/.git/objects/11/49f7353f13cdbb87fa61831dcec8f34389a32c
alessio-gh.github.io/.git/objects/18/
alessio-gh.github.io/.git/objects/18/9f16b58ea6f3e09db37379a7f1a5928989f785
alessio-gh.github.io/.git/objects/1f/
alessio-gh.github.io/.git/objects/1f/ca232d2dfe81f7cf52fda212be6e15ba9ab0b7
alessio-gh.github.io/.git/objects/21/
alessio-gh.github.io/.git/objects/21/8715548fc741a055ee0fdf2e9ea395b511867e
alessio-gh.github.io/.git/objects/2a/
alessio-gh.github.io/.git/objects/2a/d8d252fa8c881db35000780dd475cfadcd45eb
alessio-gh.github.io/.git/objects/43/
alessio-gh.github.io/.git/objects/43/122d6e20d1685ff8ebc72ce3fb2ff3b8fb2197
alessio-gh.github.io/.git/objects/43/2e49c1d6a0f07c3a6ef6232420a8598c91e954
alessio-gh.github.io/.git/objects/53/
alessio-gh.github.io/.git/objects/53/63f82eb70a5ac0e7fe8536194afda1ca957b27
alessio-gh.github.io/.git/objects/56/
alessio-gh.github.io/.git/objects/56/3470dd2f0b72e146912c7626801a3e879cd0af
alessio-gh.github.io/.git/objects/5e/
alessio-gh.github.io/.git/objects/5e/1d8cffc08f7de2ea85fb72989a3471f5cb7a3d
alessio-gh.github.io/.git/objects/62/
alessio-gh.github.io/.git/objects/62/b259c0f57dbb8421ce314164bd07eb2e6aa205
alessio-gh.github.io/.git/objects/66/
alessio-gh.github.io/.git/objects/66/5cb2acf1eab14bb30d3ecb3dd951c8a2d787d3
alessio-gh.github.io/.git/objects/6c/
alessio-gh.github.io/.git/objects/6c/bace7af26423bfb409245b4fa71afdc80d26ae
alessio-gh.github.io/.git/objects/6f/
alessio-gh.github.io/.git/objects/6f/bfc9c788ffe74932f0cb535dd5c032dacaa0ae
alessio-gh.github.io/.git/objects/72/
alessio-gh.github.io/.git/objects/72/06ee535fe901cc948a2ffe8669298cf0d37db3
alessio-gh.github.io/.git/objects/7f/
alessio-gh.github.io/.git/objects/7f/60a58b9863a9b58648a8fdc2800d3bd1236170
alessio-gh.github.io/.git/objects/7f/a34fb2337ffc60a10f1e3d8e074df422768d4f
alessio-gh.github.io/.git/objects/83/
alessio-gh.github.io/.git/objects/83/e76bcdcce49b535e9d31e375fe11c315349734
alessio-gh.github.io/.git/objects/87/
alessio-gh.github.io/.git/objects/87/249c8d2d49d771d72ae0eaff8feac8ce239849
alessio-gh.github.io/.git/objects/88/
alessio-gh.github.io/.git/objects/88/e6ae6c2f5e9cf23489a12fc121cb80148d77e2
alessio-gh.github.io/.git/objects/89/
alessio-gh.github.io/.git/objects/89/2544e9ee7d61f42322e2260b8ba0bf308ebd26
alessio-gh.github.io/.git/objects/97/
alessio-gh.github.io/.git/objects/97/d65b93f241637bdf37e216cb35b1e2d080c367
alessio-gh.github.io/.git/objects/9a/
alessio-gh.github.io/.git/objects/9a/bce4f4674f7eaecc3b06a8cfe3ab61f1adc6d1
alessio-gh.github.io/.git/objects/9b/
alessio-gh.github.io/.git/objects/9b/54cc918f737240501de1b8835f1bcef9d09e7d
alessio-gh.github.io/.git/objects/ab/
alessio-gh.github.io/.git/objects/ab/1466726667f0fa6650e0d019fd3298df92e2fe
alessio-gh.github.io/.git/objects/b1/
alessio-gh.github.io/.git/objects/b1/40e1534575c30581788b27a14808a46f7e00eb
alessio-gh.github.io/.git/objects/b2/
alessio-gh.github.io/.git/objects/b2/066b827548a4dfdefd2596c609b89e25084253
alessio-gh.github.io/.git/objects/c6/
alessio-gh.github.io/.git/objects/c6/aab7e7affffeb9c3247222a28dad6b57a215d9
alessio-gh.github.io/.git/objects/d1/
alessio-gh.github.io/.git/objects/d1/f312d771abee716f7ec59cf0e9780266484486
alessio-gh.github.io/.git/objects/da/
alessio-gh.github.io/.git/objects/da/514e97622068a58322f334c85805365aabdff3
alessio-gh.github.io/.git/objects/dc/
alessio-gh.github.io/.git/objects/dc/95e9648a089fce0662ec460b6b19afc32f2bc7
alessio-gh.github.io/.git/objects/dd/
alessio-gh.github.io/.git/objects/dd/04f29ad55c4516daee310def957d735be82ebc
alessio-gh.github.io/.git/objects/e8/
alessio-gh.github.io/.git/objects/e8/247176550c1ba61c94e874e76e6875d5b90230
alessio-gh.github.io/.git/objects/ee/
alessio-gh.github.io/.git/objects/ee/e6ff741ef5f2ff292a7f861a86327d78eacac8
alessio-gh.github.io/.git/objects/f5/
alessio-gh.github.io/.git/objects/f5/047d4558e82a74e94fd68e908ecfaf7b10806b
alessio-gh.github.io/.git/objects/info/
alessio-gh.github.io/.git/objects/pack/
alessio-gh.github.io/.git/objects/pack/pack-6ef13e351a7d1f5004de1592d3db3a9309932e67.idx
alessio-gh.github.io/.git/objects/pack/pack-6ef13e351a7d1f5004de1592d3db3a9309932e67.pack
alessio-gh.github.io/.git/objects/pack/pack-6ef13e351a7d1f5004de1592d3db3a9309932e67.rev
alessio-gh.github.io/.git/refs/
alessio-gh.github.io/.git/refs/heads/
alessio-gh.github.io/.git/refs/heads/master
alessio-gh.github.io/.git/refs/remotes/
alessio-gh.github.io/.git/refs/remotes/origin/
alessio-gh.github.io/.git/refs/remotes/origin/HEAD
alessio-gh.github.io/.git/refs/remotes/origin/master
alessio-gh.github.io/.git/refs/tags/
alessio-gh.github.io/.github/
alessio-gh.github.io/.github/CODEOWNERS
alessio-gh.github.io/.github/config.yml
alessio-gh.github.io/.github/no-response.yml
alessio-gh.github.io/.github/settings.yml
alessio-gh.github.io/.github/stale.yml
alessio-gh.github.io/Ansible/
alessio-gh.github.io/Ansible/ansible.cfg
alessio-gh.github.io/Ansible/httpd.yml
alessio-gh.github.io/Ansible/inventory
alessio-gh.github.io/Ansible/main.yml
alessio-gh.github.io/Ansible/terraform.yml
alessio-gh.github.io/Ansible/update.yml
alessio-gh.github.io/Ansible/files/
alessio-gh.github.io/Ansible/files/sudoer_tizzio
alessio-gh.github.io/Ansible/host_vars/
alessio-gh.github.io/Ansible/host_vars/192.168.159.134.yml
alessio-gh.github.io/Ansible/roles/
alessio-gh.github.io/Ansible/roles/common/
alessio-gh.github.io/Ansible/roles/common/handlers/
alessio-gh.github.io/Ansible/roles/common/handlers/main.yml
alessio-gh.github.io/Ansible/roles/common/tasks/
alessio-gh.github.io/Ansible/roles/common/tasks/main.yml
alessio-gh.github.io/Ansible/roles/common/templates/
alessio-gh.github.io/Ansible/roles/common/templates/sshd_config_centos.j2
alessio-gh.github.io/Linux/
alessio-gh.github.io/Linux/bash.md
alessio-gh.github.io/Linux/bg-processes.md
alessio-gh.github.io/Linux/change-age.md
alessio-gh.github.io/Linux/change-directory.md
alessio-gh.github.io/Linux/change-permissions.md
alessio-gh.github.io/Linux/chmod.md
alessio-gh.github.io/Linux/cockpit.md
alessio-gh.github.io/Linux/dhcp.md
alessio-gh.github.io/Linux/disks.md
alessio-gh.github.io/Linux/firewall-identify.md
alessio-gh.github.io/Linux/firewall-new.md
alessio-gh.github.io/Linux/firewall-state.md
alessio-gh.github.io/Linux/firewall-stop.md
alessio-gh.github.io/Linux/firewall.md
alessio-gh.github.io/Linux/hardening-account.md
alessio-gh.github.io/Linux/hardening-password.md
alessio-gh.github.io/Linux/hardening.md
alessio-gh.github.io/Linux/kill-processes.md
alessio-gh.github.io/Linux/network.md
alessio-gh.github.io/Linux/nfs.md
alessio-gh.github.io/Linux/ntp-settings.md
alessio-gh.github.io/Linux/openLDAP.md
alessio-gh.github.io/Linux/os-update.md
alessio-gh.github.io/Linux/process-management.md
alessio-gh.github.io/Linux/remote-access.md
alessio-gh.github.io/Linux/root-recovery.md
alessio-gh.github.io/Linux/running-processes.md
alessio-gh.github.io/Linux/samba.md
alessio-gh.github.io/Linux/ssh-config.md
alessio-gh.github.io/Linux/system-info.md
alessio-gh.github.io/Linux/system-upgrade.md
alessio-gh.github.io/Linux/user-add.md
alessio-gh.github.io/Linux/user-config.md
alessio-gh.github.io/Linux/user-default.md
alessio-gh.github.io/Windows/
alessio-gh.github.io/Windows/AD.md
alessio-gh.github.io/_includes/
alessio-gh.github.io/_includes/head-custom-google-analytics.html
alessio-gh.github.io/_includes/head-custom.html
alessio-gh.github.io/_layouts/
alessio-gh.github.io/_layouts/default.html
alessio-gh.github.io/_layouts/post.html
alessio-gh.github.io/_sass/
alessio-gh.github.io/_sass/fonts.scss
alessio-gh.github.io/_sass/jekyll-theme-minimal.scss
alessio-gh.github.io/_sass/minimal.scss
alessio-gh.github.io/_sass/rouge-github.scss
alessio-gh.github.io/assets/
alessio-gh.github.io/assets/css/
alessio-gh.github.io/assets/css/style.scss
alessio-gh.github.io/assets/fonts/
alessio-gh.github.io/assets/fonts/Noto-Sans-700/
alessio-gh.github.io/assets/fonts/Noto-Sans-700/Noto-Sans-700.eot
alessio-gh.github.io/assets/fonts/Noto-Sans-700/Noto-Sans-700.svg
alessio-gh.github.io/assets/fonts/Noto-Sans-700/Noto-Sans-700.ttf
alessio-gh.github.io/assets/fonts/Noto-Sans-700/Noto-Sans-700.woff
alessio-gh.github.io/assets/fonts/Noto-Sans-700/Noto-Sans-700.woff2
alessio-gh.github.io/assets/fonts/Noto-Sans-700italic/
alessio-gh.github.io/assets/fonts/Noto-Sans-700italic/Noto-Sans-700italic.eot
alessio-gh.github.io/assets/fonts/Noto-Sans-700italic/Noto-Sans-700italic.svg
alessio-gh.github.io/assets/fonts/Noto-Sans-700italic/Noto-Sans-700italic.ttf
alessio-gh.github.io/assets/fonts/Noto-Sans-700italic/Noto-Sans-700italic.woff
alessio-gh.github.io/assets/fonts/Noto-Sans-700italic/Noto-Sans-700italic.woff2
alessio-gh.github.io/assets/fonts/Noto-Sans-italic/
alessio-gh.github.io/assets/fonts/Noto-Sans-italic/Noto-Sans-italic.eot
alessio-gh.github.io/assets/fonts/Noto-Sans-italic/Noto-Sans-italic.svg
alessio-gh.github.io/assets/fonts/Noto-Sans-italic/Noto-Sans-italic.ttf
alessio-gh.github.io/assets/fonts/Noto-Sans-italic/Noto-Sans-italic.woff
alessio-gh.github.io/assets/fonts/Noto-Sans-italic/Noto-Sans-italic.woff2
alessio-gh.github.io/assets/fonts/Noto-Sans-regular/
alessio-gh.github.io/assets/fonts/Noto-Sans-regular/Noto-Sans-regular.eot
alessio-gh.github.io/assets/fonts/Noto-Sans-regular/Noto-Sans-regular.svg
alessio-gh.github.io/assets/fonts/Noto-Sans-regular/Noto-Sans-regular.ttf
alessio-gh.github.io/assets/fonts/Noto-Sans-regular/Noto-Sans-regular.woff
alessio-gh.github.io/assets/fonts/Noto-Sans-regular/Noto-Sans-regular.woff2
alessio-gh.github.io/assets/img/
alessio-gh.github.io/assets/img/Linux_commands.jpg
alessio-gh.github.io/assets/img/Linux_penguin.png
alessio-gh.github.io/assets/img/MAKE-YOUR-CHOICE.png
alessio-gh.github.io/assets/img/Windows_logo.png
alessio-gh.github.io/assets/img/avatar.png
alessio-gh.github.io/assets/img/binary_cloud.jpg
alessio-gh.github.io/assets/img/cockpit_dashboard.png
alessio-gh.github.io/assets/img/cockpit_login.png
alessio-gh.github.io/assets/img/favicon.ico
alessio-gh.github.io/assets/img/firewall_config_GUI.png
alessio-gh.github.io/assets/img/grub_boot.png
alessio-gh.github.io/assets/img/grub_edit.png
alessio-gh.github.io/assets/img/logo.png
alessio-gh.github.io/assets/img/nmtui.png
alessio-gh.github.io/assets/img/samba_share.png
alessio-gh.github.io/assets/js/
alessio-gh.github.io/assets/js/scale.fix.js
alessio-gh.github.io/backup_history_logs/
alessio-gh.github.io/backup_history_logs/21-10-2024.log
alessio-gh.github.io/docs/
alessio-gh.github.io/docs/CODE_OF_CONDUCT.md
alessio-gh.github.io/docs/CONTRIBUTING.md
alessio-gh.github.io/docs/SUPPORT.md
alessio-gh.github.io/script/
alessio-gh.github.io/script/bootstrap
alessio-gh.github.io/script/cibuild
alessio-gh.github.io/script/release
alessio-gh.github.io/script/validate-html

sent 4,749,748 bytes  received 4,004 bytes  9,507,504.00 bytes/sec
total size is 4,719,630  speedup is 0.99
